Performing C SOURCE FILE Test CMAKE_HAVE_LIBC_PTHREAD failed with the following output:
Change Dir: /home/venu/catkin_ws/build/CMakeFiles/CMakeTmp

Run Build Command(s):/usr/bin/make cmTC_0ee63/fast && /usr/bin/make -f CMakeFiles/cmTC_0ee63.dir/build.make CMakeFiles/cmTC_0ee63.dir/build
make[1]: Entering directory '/home/venu/catkin_ws/build/CMakeFiles/CMakeTmp'
Building C object CMakeFiles/cmTC_0ee63.dir/src.c.o
/usr/lib/ccache/cc   -DCMAKE_HAVE_LIBC_PTHREAD   -o CMakeFiles/cmTC_0ee63.dir/src.c.o   -c /home/venu/catkin_ws/build/CMakeFiles/CMakeTmp/src.c
Linking C executable cmTC_0ee63
/usr/bin/cmake -E cmake_link_script CMakeFiles/cmTC_0ee63.dir/link.txt --verbose=1
/usr/lib/ccache/cc  -DCMAKE_HAVE_LIBC_PTHREAD    -rdynamic CMakeFiles/cmTC_0ee63.dir/src.c.o  -o cmTC_0ee63 
/usr/bin/ld: CMakeFiles/cmTC_0ee63.dir/src.c.o: in function `main':
src.c:(.text+0x46): undefined reference to `pthread_create'
/usr/bin/ld: src.c:(.text+0x52): undefined reference to `pthread_detach'
/usr/bin/ld: src.c:(.text+0x63): undefined reference to `pthread_join'
collect2: error: ld returned 1 exit status
make[1]: *** [CMakeFiles/cmTC_0ee63.dir/build.make:87: cmTC_0ee63] Error 1
make[1]: Leaving directory '/home/venu/catkin_ws/build/CMakeFiles/CMakeTmp'
make: *** [Makefile:121: cmTC_0ee63/fast] Error 2


Source file was:
#include <pthread.h>

void* test_func(void* data)
{
  return data;
}

int main(void)
{
  pthread_t thread;
  pthread_create(&thread, NULL, test_func, NULL);
  pthread_detach(thread);
  pthread_join(thread, NULL);
  pthread_atfork(NULL, NULL, NULL);
  pthread_exit(NULL);

  return 0;
}

Determining if the function pthread_create exists in the pthreads failed with the following output:
Change Dir: /home/venu/catkin_ws/build/CMakeFiles/CMakeTmp

Run Build Command(s):/usr/bin/make cmTC_32022/fast && /usr/bin/make -f CMakeFiles/cmTC_32022.dir/build.make CMakeFiles/cmTC_32022.dir/build
make[1]: Entering directory '/home/venu/catkin_ws/build/CMakeFiles/CMakeTmp'
Building C object CMakeFiles/cmTC_32022.dir/CheckFunctionExists.c.o
/usr/lib/ccache/cc   -DCHECK_FUNCTION_EXISTS=pthread_create   -o CMakeFiles/cmTC_32022.dir/CheckFunctionExists.c.o   -c /usr/share/cmake-3.16/Modules/CheckFunctionExists.c
Linking C executable cmTC_32022
/usr/bin/cmake -E cmake_link_script CMakeFiles/cmTC_32022.dir/link.txt --verbose=1
/usr/lib/ccache/cc  -DCHECK_FUNCTION_EXISTS=pthread_create    -rdynamic CMakeFiles/cmTC_32022.dir/CheckFunctionExists.c.o  -o cmTC_32022  -lpthreads 
/usr/bin/ld: cannot find -lpthreads
collect2: error: ld returned 1 exit status
make[1]: *** [CMakeFiles/cmTC_32022.dir/build.make:87: cmTC_32022] Error 1
make[1]: Leaving directory '/home/venu/catkin_ws/build/CMakeFiles/CMakeTmp'
make: *** [Makefile:121: cmTC_32022/fast] Error 2



Performing C SOURCE FILE Test CMAKE_HAVE_LIBC_PTHREAD failed with the following output:
Change Dir: /home/venu/catkin_ws/build/CMakeFiles/CMakeTmp

Run Build Command(s):/usr/bin/make -f Makefile cmTC_fdbfe/fast && /usr/bin/make  -f CMakeFiles/cmTC_fdbfe.dir/build.make CMakeFiles/cmTC_fdbfe.dir/build
make[1]: Entering directory '/home/venu/catkin_ws/build/CMakeFiles/CMakeTmp'
Building C object CMakeFiles/cmTC_fdbfe.dir/src.c.o
/usr/bin/cc -DCMAKE_HAVE_LIBC_PTHREAD   -o CMakeFiles/cmTC_fdbfe.dir/src.c.o -c /home/venu/catkin_ws/build/CMakeFiles/CMakeTmp/src.c
Linking C executable cmTC_fdbfe
/usr/local/bin/cmake -E cmake_link_script CMakeFiles/cmTC_fdbfe.dir/link.txt --verbose=1
/usr/bin/cc -rdynamic CMakeFiles/cmTC_fdbfe.dir/src.c.o -o cmTC_fdbfe 
/usr/bin/ld: CMakeFiles/cmTC_fdbfe.dir/src.c.o: in function `main':
src.c:(.text+0x46): undefined reference to `pthread_create'
/usr/bin/ld: src.c:(.text+0x52): undefined reference to `pthread_detach'
/usr/bin/ld: src.c:(.text+0x5e): undefined reference to `pthread_cancel'
/usr/bin/ld: src.c:(.text+0x6f): undefined reference to `pthread_join'
collect2: error: ld returned 1 exit status
make[1]: *** [CMakeFiles/cmTC_fdbfe.dir/build.make:99: cmTC_fdbfe] Error 1
make[1]: Leaving directory '/home/venu/catkin_ws/build/CMakeFiles/CMakeTmp'
make: *** [Makefile:127: cmTC_fdbfe/fast] Error 2


Source file was:
#include <pthread.h>

static void* test_func(void* data)
{
  return data;
}

int main(void)
{
  pthread_t thread;
  pthread_create(&thread, NULL, test_func, NULL);
  pthread_detach(thread);
  pthread_cancel(thread);
  pthread_join(thread, NULL);
  pthread_atfork(NULL, NULL, NULL);
  pthread_exit(NULL);

  return 0;
}

Determining if the function pthread_create exists in the pthreads failed with the following output:
Change Dir: /home/venu/catkin_ws/build/CMakeFiles/CMakeTmp

Run Build Command(s):/usr/bin/make -f Makefile cmTC_8ed57/fast && /usr/bin/make  -f CMakeFiles/cmTC_8ed57.dir/build.make CMakeFiles/cmTC_8ed57.dir/build
make[1]: Entering directory '/home/venu/catkin_ws/build/CMakeFiles/CMakeTmp'
Building C object CMakeFiles/cmTC_8ed57.dir/CheckFunctionExists.c.o
/usr/bin/cc   -DCHECK_FUNCTION_EXISTS=pthread_create -o CMakeFiles/cmTC_8ed57.dir/CheckFunctionExists.c.o -c /usr/local/share/cmake-3.22/Modules/CheckFunctionExists.c
Linking C executable cmTC_8ed57
/usr/local/bin/cmake -E cmake_link_script CMakeFiles/cmTC_8ed57.dir/link.txt --verbose=1
/usr/bin/cc  -DCHECK_FUNCTION_EXISTS=pthread_create -rdynamic CMakeFiles/cmTC_8ed57.dir/CheckFunctionExists.c.o -o cmTC_8ed57  -lpthreads 
/usr/bin/ld: cannot find -lpthreads
collect2: error: ld returned 1 exit status
make[1]: *** [CMakeFiles/cmTC_8ed57.dir/build.make:99: cmTC_8ed57] Error 1
make[1]: Leaving directory '/home/venu/catkin_ws/build/CMakeFiles/CMakeTmp'
make: *** [Makefile:127: cmTC_8ed57/fast] Error 2



Performing C SOURCE FILE Test CMAKE_HAVE_LIBC_PTHREAD failed with the following output:
Change Dir: /home/venu/catkin_ws/build/CMakeFiles/CMakeTmp

Run Build Command(s):/usr/bin/make -f Makefile cmTC_f1205/fast && /usr/bin/make  -f CMakeFiles/cmTC_f1205.dir/build.make CMakeFiles/cmTC_f1205.dir/build
make[1]: Entering directory '/home/venu/catkin_ws/build/CMakeFiles/CMakeTmp'
Building C object CMakeFiles/cmTC_f1205.dir/src.c.o
/usr/bin/cc -DCMAKE_HAVE_LIBC_PTHREAD   -o CMakeFiles/cmTC_f1205.dir/src.c.o -c /home/venu/catkin_ws/build/CMakeFiles/CMakeTmp/src.c
Linking C executable cmTC_f1205
/usr/local/bin/cmake -E cmake_link_script CMakeFiles/cmTC_f1205.dir/link.txt --verbose=1
/usr/bin/cc -rdynamic CMakeFiles/cmTC_f1205.dir/src.c.o -o cmTC_f1205 
/usr/bin/ld: CMakeFiles/cmTC_f1205.dir/src.c.o: in function `main':
src.c:(.text+0x46): undefined reference to `pthread_create'
/usr/bin/ld: src.c:(.text+0x52): undefined reference to `pthread_detach'
/usr/bin/ld: src.c:(.text+0x5e): undefined reference to `pthread_cancel'
/usr/bin/ld: src.c:(.text+0x6f): undefined reference to `pthread_join'
collect2: error: ld returned 1 exit status
make[1]: *** [CMakeFiles/cmTC_f1205.dir/build.make:99: cmTC_f1205] Error 1
make[1]: Leaving directory '/home/venu/catkin_ws/build/CMakeFiles/CMakeTmp'
make: *** [Makefile:127: cmTC_f1205/fast] Error 2


Source file was:
#include <pthread.h>

static void* test_func(void* data)
{
  return data;
}

int main(void)
{
  pthread_t thread;
  pthread_create(&thread, NULL, test_func, NULL);
  pthread_detach(thread);
  pthread_cancel(thread);
  pthread_join(thread, NULL);
  pthread_atfork(NULL, NULL, NULL);
  pthread_exit(NULL);

  return 0;
}

Determining if the function pthread_create exists in the pthreads failed with the following output:
Change Dir: /home/venu/catkin_ws/build/CMakeFiles/CMakeTmp

Run Build Command(s):/usr/bin/make -f Makefile cmTC_c1edb/fast && /usr/bin/make  -f CMakeFiles/cmTC_c1edb.dir/build.make CMakeFiles/cmTC_c1edb.dir/build
make[1]: Entering directory '/home/venu/catkin_ws/build/CMakeFiles/CMakeTmp'
Building C object CMakeFiles/cmTC_c1edb.dir/CheckFunctionExists.c.o
/usr/bin/cc   -DCHECK_FUNCTION_EXISTS=pthread_create -o CMakeFiles/cmTC_c1edb.dir/CheckFunctionExists.c.o -c /usr/local/share/cmake-3.22/Modules/CheckFunctionExists.c
Linking C executable cmTC_c1edb
/usr/local/bin/cmake -E cmake_link_script CMakeFiles/cmTC_c1edb.dir/link.txt --verbose=1
/usr/bin/cc  -DCHECK_FUNCTION_EXISTS=pthread_create -rdynamic CMakeFiles/cmTC_c1edb.dir/CheckFunctionExists.c.o -o cmTC_c1edb  -lpthreads 
/usr/bin/ld: cannot find -lpthreads
collect2: error: ld returned 1 exit status
make[1]: *** [CMakeFiles/cmTC_c1edb.dir/build.make:99: cmTC_c1edb] Error 1
make[1]: Leaving directory '/home/venu/catkin_ws/build/CMakeFiles/CMakeTmp'
make: *** [Makefile:127: cmTC_c1edb/fast] Error 2



Performing C SOURCE FILE Test CMAKE_HAVE_LIBC_PTHREAD failed with the following output:
Change Dir: /home/venu/catkin_ws/build/CMakeFiles/CMakeTmp

Run Build Command(s):/usr/bin/make -f Makefile cmTC_ae97c/fast && make[1]: Entering directory '/home/venu/catkin_ws/build/CMakeFiles/CMakeTmp'
/usr/bin/make  -f CMakeFiles/cmTC_ae97c.dir/build.make CMakeFiles/cmTC_ae97c.dir/build
make[2]: Entering directory '/home/venu/catkin_ws/build/CMakeFiles/CMakeTmp'
Building C object CMakeFiles/cmTC_ae97c.dir/src.c.o
/usr/bin/cc -DCMAKE_HAVE_LIBC_PTHREAD   -o CMakeFiles/cmTC_ae97c.dir/src.c.o -c /home/venu/catkin_ws/build/CMakeFiles/CMakeTmp/src.c
Linking C executable cmTC_ae97c
/usr/local/bin/cmake -E cmake_link_script CMakeFiles/cmTC_ae97c.dir/link.txt --verbose=1
/usr/bin/cc -rdynamic CMakeFiles/cmTC_ae97c.dir/src.c.o -o cmTC_ae97c 
/usr/bin/ld: CMakeFiles/cmTC_ae97c.dir/src.c.o: in function `main':
src.c:(.text+0x46): undefined reference to `pthread_create'
/usr/bin/ld: src.c:(.text+0x52): undefined reference to `pthread_detach'
/usr/bin/ld: src.c:(.text+0x5e): undefined reference to `pthread_cancel'
/usr/bin/ld: src.c:(.text+0x6f): undefined reference to `pthread_join'
collect2: error: ld returned 1 exit status
make[2]: *** [CMakeFiles/cmTC_ae97c.dir/build.make:99: cmTC_ae97c] Error 1
make[2]: Leaving directory '/home/venu/catkin_ws/build/CMakeFiles/CMakeTmp'
make[1]: *** [Makefile:127: cmTC_ae97c/fast] Error 2
make[1]: Leaving directory '/home/venu/catkin_ws/build/CMakeFiles/CMakeTmp'


Source file was:
#include <pthread.h>

static void* test_func(void* data)
{
  return data;
}

int main(void)
{
  pthread_t thread;
  pthread_create(&thread, NULL, test_func, NULL);
  pthread_detach(thread);
  pthread_cancel(thread);
  pthread_join(thread, NULL);
  pthread_atfork(NULL, NULL, NULL);
  pthread_exit(NULL);

  return 0;
}

Determining if the function pthread_create exists in the pthreads failed with the following output:
Change Dir: /home/venu/catkin_ws/build/CMakeFiles/CMakeTmp

Run Build Command(s):/usr/bin/make -f Makefile cmTC_e8594/fast && make[1]: Entering directory '/home/venu/catkin_ws/build/CMakeFiles/CMakeTmp'
/usr/bin/make  -f CMakeFiles/cmTC_e8594.dir/build.make CMakeFiles/cmTC_e8594.dir/build
make[2]: Entering directory '/home/venu/catkin_ws/build/CMakeFiles/CMakeTmp'
Building C object CMakeFiles/cmTC_e8594.dir/CheckFunctionExists.c.o
/usr/bin/cc   -DCHECK_FUNCTION_EXISTS=pthread_create -o CMakeFiles/cmTC_e8594.dir/CheckFunctionExists.c.o -c /usr/local/share/cmake-3.22/Modules/CheckFunctionExists.c
Linking C executable cmTC_e8594
/usr/local/bin/cmake -E cmake_link_script CMakeFiles/cmTC_e8594.dir/link.txt --verbose=1
/usr/bin/cc  -DCHECK_FUNCTION_EXISTS=pthread_create -rdynamic CMakeFiles/cmTC_e8594.dir/CheckFunctionExists.c.o -o cmTC_e8594  -lpthreads 
/usr/bin/ld: cannot find -lpthreads
collect2: error: ld returned 1 exit status
make[2]: *** [CMakeFiles/cmTC_e8594.dir/build.make:99: cmTC_e8594] Error 1
make[2]: Leaving directory '/home/venu/catkin_ws/build/CMakeFiles/CMakeTmp'
make[1]: *** [Makefile:127: cmTC_e8594/fast] Error 2
make[1]: Leaving directory '/home/venu/catkin_ws/build/CMakeFiles/CMakeTmp'



Performing C SOURCE FILE Test CMAKE_HAVE_LIBC_PTHREAD failed with the following output:
Change Dir: /home/venu/catkin_ws/build/CMakeFiles/CMakeTmp

Run Build Command(s):/usr/bin/make -f Makefile cmTC_69ce8/fast && /usr/bin/make  -f CMakeFiles/cmTC_69ce8.dir/build.make CMakeFiles/cmTC_69ce8.dir/build
make[1]: Entering directory '/home/venu/catkin_ws/build/CMakeFiles/CMakeTmp'
Building C object CMakeFiles/cmTC_69ce8.dir/src.c.o
/usr/bin/cc -DCMAKE_HAVE_LIBC_PTHREAD   -o CMakeFiles/cmTC_69ce8.dir/src.c.o -c /home/venu/catkin_ws/build/CMakeFiles/CMakeTmp/src.c
Linking C executable cmTC_69ce8
/usr/local/bin/cmake -E cmake_link_script CMakeFiles/cmTC_69ce8.dir/link.txt --verbose=1
/usr/bin/cc -rdynamic CMakeFiles/cmTC_69ce8.dir/src.c.o -o cmTC_69ce8 
/usr/bin/ld: CMakeFiles/cmTC_69ce8.dir/src.c.o: in function `main':
src.c:(.text+0x46): undefined reference to `pthread_create'
/usr/bin/ld: src.c:(.text+0x52): undefined reference to `pthread_detach'
/usr/bin/ld: src.c:(.text+0x5e): undefined reference to `pthread_cancel'
/usr/bin/ld: src.c:(.text+0x6f): undefined reference to `pthread_join'
collect2: error: ld returned 1 exit status
make[1]: *** [CMakeFiles/cmTC_69ce8.dir/build.make:99: cmTC_69ce8] Error 1
make[1]: Leaving directory '/home/venu/catkin_ws/build/CMakeFiles/CMakeTmp'
make: *** [Makefile:127: cmTC_69ce8/fast] Error 2


Source file was:
#include <pthread.h>

static void* test_func(void* data)
{
  return data;
}

int main(void)
{
  pthread_t thread;
  pthread_create(&thread, NULL, test_func, NULL);
  pthread_detach(thread);
  pthread_cancel(thread);
  pthread_join(thread, NULL);
  pthread_atfork(NULL, NULL, NULL);
  pthread_exit(NULL);

  return 0;
}

Determining if the function pthread_create exists in the pthreads failed with the following output:
Change Dir: /home/venu/catkin_ws/build/CMakeFiles/CMakeTmp

Run Build Command(s):/usr/bin/make -f Makefile cmTC_20e3e/fast && /usr/bin/make  -f CMakeFiles/cmTC_20e3e.dir/build.make CMakeFiles/cmTC_20e3e.dir/build
make[1]: Entering directory '/home/venu/catkin_ws/build/CMakeFiles/CMakeTmp'
Building C object CMakeFiles/cmTC_20e3e.dir/CheckFunctionExists.c.o
/usr/bin/cc   -DCHECK_FUNCTION_EXISTS=pthread_create -o CMakeFiles/cmTC_20e3e.dir/CheckFunctionExists.c.o -c /usr/local/share/cmake-3.22/Modules/CheckFunctionExists.c
Linking C executable cmTC_20e3e
/usr/local/bin/cmake -E cmake_link_script CMakeFiles/cmTC_20e3e.dir/link.txt --verbose=1
/usr/bin/cc  -DCHECK_FUNCTION_EXISTS=pthread_create -rdynamic CMakeFiles/cmTC_20e3e.dir/CheckFunctionExists.c.o -o cmTC_20e3e  -lpthreads 
/usr/bin/ld: cannot find -lpthreads
collect2: error: ld returned 1 exit status
make[1]: *** [CMakeFiles/cmTC_20e3e.dir/build.make:99: cmTC_20e3e] Error 1
make[1]: Leaving directory '/home/venu/catkin_ws/build/CMakeFiles/CMakeTmp'
make: *** [Makefile:127: cmTC_20e3e/fast] Error 2



Performing C SOURCE FILE Test CMAKE_HAVE_LIBC_PTHREAD failed with the following output:
Change Dir: /home/venu/catkin_ws/build/CMakeFiles/CMakeTmp

Run Build Command(s):/usr/bin/make -f Makefile cmTC_f6be4/fast && /usr/bin/make  -f CMakeFiles/cmTC_f6be4.dir/build.make CMakeFiles/cmTC_f6be4.dir/build
make[1]: Entering directory '/home/venu/catkin_ws/build/CMakeFiles/CMakeTmp'
Building C object CMakeFiles/cmTC_f6be4.dir/src.c.o
/usr/bin/cc -DCMAKE_HAVE_LIBC_PTHREAD   -o CMakeFiles/cmTC_f6be4.dir/src.c.o -c /home/venu/catkin_ws/build/CMakeFiles/CMakeTmp/src.c
Linking C executable cmTC_f6be4
/usr/local/bin/cmake -E cmake_link_script CMakeFiles/cmTC_f6be4.dir/link.txt --verbose=1
/usr/bin/cc -rdynamic CMakeFiles/cmTC_f6be4.dir/src.c.o -o cmTC_f6be4 
/usr/bin/ld: CMakeFiles/cmTC_f6be4.dir/src.c.o: in function `main':
src.c:(.text+0x46): undefined reference to `pthread_create'
/usr/bin/ld: src.c:(.text+0x52): undefined reference to `pthread_detach'
/usr/bin/ld: src.c:(.text+0x5e): undefined reference to `pthread_cancel'
/usr/bin/ld: src.c:(.text+0x6f): undefined reference to `pthread_join'
collect2: error: ld returned 1 exit status
make[1]: *** [CMakeFiles/cmTC_f6be4.dir/build.make:99: cmTC_f6be4] Error 1
make[1]: Leaving directory '/home/venu/catkin_ws/build/CMakeFiles/CMakeTmp'
make: *** [Makefile:127: cmTC_f6be4/fast] Error 2


Source file was:
#include <pthread.h>

static void* test_func(void* data)
{
  return data;
}

int main(void)
{
  pthread_t thread;
  pthread_create(&thread, NULL, test_func, NULL);
  pthread_detach(thread);
  pthread_cancel(thread);
  pthread_join(thread, NULL);
  pthread_atfork(NULL, NULL, NULL);
  pthread_exit(NULL);

  return 0;
}

Determining if the function pthread_create exists in the pthreads failed with the following output:
Change Dir: /home/venu/catkin_ws/build/CMakeFiles/CMakeTmp

Run Build Command(s):/usr/bin/make -f Makefile cmTC_7e0df/fast && /usr/bin/make  -f CMakeFiles/cmTC_7e0df.dir/build.make CMakeFiles/cmTC_7e0df.dir/build
make[1]: Entering directory '/home/venu/catkin_ws/build/CMakeFiles/CMakeTmp'
Building C object CMakeFiles/cmTC_7e0df.dir/CheckFunctionExists.c.o
/usr/bin/cc   -DCHECK_FUNCTION_EXISTS=pthread_create -o CMakeFiles/cmTC_7e0df.dir/CheckFunctionExists.c.o -c /usr/local/share/cmake-3.22/Modules/CheckFunctionExists.c
Linking C executable cmTC_7e0df
/usr/local/bin/cmake -E cmake_link_script CMakeFiles/cmTC_7e0df.dir/link.txt --verbose=1
/usr/bin/cc  -DCHECK_FUNCTION_EXISTS=pthread_create -rdynamic CMakeFiles/cmTC_7e0df.dir/CheckFunctionExists.c.o -o cmTC_7e0df  -lpthreads 
/usr/bin/ld: cannot find -lpthreads
collect2: error: ld returned 1 exit status
make[1]: *** [CMakeFiles/cmTC_7e0df.dir/build.make:99: cmTC_7e0df] Error 1
make[1]: Leaving directory '/home/venu/catkin_ws/build/CMakeFiles/CMakeTmp'
make: *** [Makefile:127: cmTC_7e0df/fast] Error 2



Performing C SOURCE FILE Test CMAKE_HAVE_LIBC_PTHREAD failed with the following output:
Change Dir: /home/venu/catkin_ws/build/CMakeFiles/CMakeTmp

Run Build Command(s):/usr/bin/make -f Makefile cmTC_42735/fast && /usr/bin/make  -f CMakeFiles/cmTC_42735.dir/build.make CMakeFiles/cmTC_42735.dir/build
make[1]: Entering directory '/home/venu/catkin_ws/build/CMakeFiles/CMakeTmp'
Building C object CMakeFiles/cmTC_42735.dir/src.c.o
/usr/bin/cc -DCMAKE_HAVE_LIBC_PTHREAD   -o CMakeFiles/cmTC_42735.dir/src.c.o -c /home/venu/catkin_ws/build/CMakeFiles/CMakeTmp/src.c
Linking C executable cmTC_42735
/usr/local/bin/cmake -E cmake_link_script CMakeFiles/cmTC_42735.dir/link.txt --verbose=1
/usr/bin/cc -rdynamic CMakeFiles/cmTC_42735.dir/src.c.o -o cmTC_42735 
/usr/bin/ld: CMakeFiles/cmTC_42735.dir/src.c.o: in function `main':
src.c:(.text+0x46): undefined reference to `pthread_create'
/usr/bin/ld: src.c:(.text+0x52): undefined reference to `pthread_detach'
/usr/bin/ld: src.c:(.text+0x5e): undefined reference to `pthread_cancel'
/usr/bin/ld: src.c:(.text+0x6f): undefined reference to `pthread_join'
collect2: error: ld returned 1 exit status
make[1]: *** [CMakeFiles/cmTC_42735.dir/build.make:99: cmTC_42735] Error 1
make[1]: Leaving directory '/home/venu/catkin_ws/build/CMakeFiles/CMakeTmp'
make: *** [Makefile:127: cmTC_42735/fast] Error 2


Source file was:
#include <pthread.h>

static void* test_func(void* data)
{
  return data;
}

int main(void)
{
  pthread_t thread;
  pthread_create(&thread, NULL, test_func, NULL);
  pthread_detach(thread);
  pthread_cancel(thread);
  pthread_join(thread, NULL);
  pthread_atfork(NULL, NULL, NULL);
  pthread_exit(NULL);

  return 0;
}

Determining if the function pthread_create exists in the pthreads failed with the following output:
Change Dir: /home/venu/catkin_ws/build/CMakeFiles/CMakeTmp

Run Build Command(s):/usr/bin/make -f Makefile cmTC_2914c/fast && /usr/bin/make  -f CMakeFiles/cmTC_2914c.dir/build.make CMakeFiles/cmTC_2914c.dir/build
make[1]: Entering directory '/home/venu/catkin_ws/build/CMakeFiles/CMakeTmp'
Building C object CMakeFiles/cmTC_2914c.dir/CheckFunctionExists.c.o
/usr/bin/cc   -DCHECK_FUNCTION_EXISTS=pthread_create -o CMakeFiles/cmTC_2914c.dir/CheckFunctionExists.c.o -c /usr/local/share/cmake-3.22/Modules/CheckFunctionExists.c
Linking C executable cmTC_2914c
/usr/local/bin/cmake -E cmake_link_script CMakeFiles/cmTC_2914c.dir/link.txt --verbose=1
/usr/bin/cc  -DCHECK_FUNCTION_EXISTS=pthread_create -rdynamic CMakeFiles/cmTC_2914c.dir/CheckFunctionExists.c.o -o cmTC_2914c  -lpthreads 
/usr/bin/ld: cannot find -lpthreads
collect2: error: ld returned 1 exit status
make[1]: *** [CMakeFiles/cmTC_2914c.dir/build.make:99: cmTC_2914c] Error 1
make[1]: Leaving directory '/home/venu/catkin_ws/build/CMakeFiles/CMakeTmp'
make: *** [Makefile:127: cmTC_2914c/fast] Error 2



Performing C SOURCE FILE Test CMAKE_HAVE_LIBC_PTHREAD failed with the following output:
Change Dir: /home/venu/catkin_ws/build/CMakeFiles/CMakeTmp

Run Build Command(s):/usr/bin/make -f Makefile cmTC_cb4ad/fast && /usr/bin/make  -f CMakeFiles/cmTC_cb4ad.dir/build.make CMakeFiles/cmTC_cb4ad.dir/build
make[1]: Entering directory '/home/venu/catkin_ws/build/CMakeFiles/CMakeTmp'
Building C object CMakeFiles/cmTC_cb4ad.dir/src.c.o
/usr/bin/cc -DCMAKE_HAVE_LIBC_PTHREAD   -o CMakeFiles/cmTC_cb4ad.dir/src.c.o -c /home/venu/catkin_ws/build/CMakeFiles/CMakeTmp/src.c
Linking C executable cmTC_cb4ad
/usr/local/bin/cmake -E cmake_link_script CMakeFiles/cmTC_cb4ad.dir/link.txt --verbose=1
/usr/bin/cc -rdynamic CMakeFiles/cmTC_cb4ad.dir/src.c.o -o cmTC_cb4ad 
/usr/bin/ld: CMakeFiles/cmTC_cb4ad.dir/src.c.o: in function `main':
src.c:(.text+0x46): undefined reference to `pthread_create'
/usr/bin/ld: src.c:(.text+0x52): undefined reference to `pthread_detach'
/usr/bin/ld: src.c:(.text+0x5e): undefined reference to `pthread_cancel'
/usr/bin/ld: src.c:(.text+0x6f): undefined reference to `pthread_join'
collect2: error: ld returned 1 exit status
make[1]: *** [CMakeFiles/cmTC_cb4ad.dir/build.make:99: cmTC_cb4ad] Error 1
make[1]: Leaving directory '/home/venu/catkin_ws/build/CMakeFiles/CMakeTmp'
make: *** [Makefile:127: cmTC_cb4ad/fast] Error 2


Source file was:
#include <pthread.h>

static void* test_func(void* data)
{
  return data;
}

int main(void)
{
  pthread_t thread;
  pthread_create(&thread, NULL, test_func, NULL);
  pthread_detach(thread);
  pthread_cancel(thread);
  pthread_join(thread, NULL);
  pthread_atfork(NULL, NULL, NULL);
  pthread_exit(NULL);

  return 0;
}

Determining if the function pthread_create exists in the pthreads failed with the following output:
Change Dir: /home/venu/catkin_ws/build/CMakeFiles/CMakeTmp

Run Build Command(s):/usr/bin/make -f Makefile cmTC_5ef6a/fast && /usr/bin/make  -f CMakeFiles/cmTC_5ef6a.dir/build.make CMakeFiles/cmTC_5ef6a.dir/build
make[1]: Entering directory '/home/venu/catkin_ws/build/CMakeFiles/CMakeTmp'
Building C object CMakeFiles/cmTC_5ef6a.dir/CheckFunctionExists.c.o
/usr/bin/cc   -DCHECK_FUNCTION_EXISTS=pthread_create -o CMakeFiles/cmTC_5ef6a.dir/CheckFunctionExists.c.o -c /usr/local/share/cmake-3.22/Modules/CheckFunctionExists.c
Linking C executable cmTC_5ef6a
/usr/local/bin/cmake -E cmake_link_script CMakeFiles/cmTC_5ef6a.dir/link.txt --verbose=1
/usr/bin/cc  -DCHECK_FUNCTION_EXISTS=pthread_create -rdynamic CMakeFiles/cmTC_5ef6a.dir/CheckFunctionExists.c.o -o cmTC_5ef6a  -lpthreads 
/usr/bin/ld: cannot find -lpthreads
collect2: error: ld returned 1 exit status
make[1]: *** [CMakeFiles/cmTC_5ef6a.dir/build.make:99: cmTC_5ef6a] Error 1
make[1]: Leaving directory '/home/venu/catkin_ws/build/CMakeFiles/CMakeTmp'
make: *** [Makefile:127: cmTC_5ef6a/fast] Error 2



Performing C SOURCE FILE Test CMAKE_HAVE_LIBC_PTHREAD failed with the following output:
Change Dir: /home/venu/catkin_ws/build/CMakeFiles/CMakeTmp

Run Build Command(s):/usr/bin/make -f Makefile cmTC_a9405/fast && /usr/bin/make  -f CMakeFiles/cmTC_a9405.dir/build.make CMakeFiles/cmTC_a9405.dir/build
make[1]: Entering directory '/home/venu/catkin_ws/build/CMakeFiles/CMakeTmp'
Building C object CMakeFiles/cmTC_a9405.dir/src.c.o
/usr/bin/cc -DCMAKE_HAVE_LIBC_PTHREAD   -o CMakeFiles/cmTC_a9405.dir/src.c.o -c /home/venu/catkin_ws/build/CMakeFiles/CMakeTmp/src.c
Linking C executable cmTC_a9405
/usr/local/bin/cmake -E cmake_link_script CMakeFiles/cmTC_a9405.dir/link.txt --verbose=1
/usr/bin/cc -rdynamic CMakeFiles/cmTC_a9405.dir/src.c.o -o cmTC_a9405 
/usr/bin/ld: CMakeFiles/cmTC_a9405.dir/src.c.o: in function `main':
src.c:(.text+0x46): undefined reference to `pthread_create'
/usr/bin/ld: src.c:(.text+0x52): undefined reference to `pthread_detach'
/usr/bin/ld: src.c:(.text+0x5e): undefined reference to `pthread_cancel'
/usr/bin/ld: src.c:(.text+0x6f): undefined reference to `pthread_join'
collect2: error: ld returned 1 exit status
make[1]: *** [CMakeFiles/cmTC_a9405.dir/build.make:99: cmTC_a9405] Error 1
make[1]: Leaving directory '/home/venu/catkin_ws/build/CMakeFiles/CMakeTmp'
make: *** [Makefile:127: cmTC_a9405/fast] Error 2


Source file was:
#include <pthread.h>

static void* test_func(void* data)
{
  return data;
}

int main(void)
{
  pthread_t thread;
  pthread_create(&thread, NULL, test_func, NULL);
  pthread_detach(thread);
  pthread_cancel(thread);
  pthread_join(thread, NULL);
  pthread_atfork(NULL, NULL, NULL);
  pthread_exit(NULL);

  return 0;
}

Determining if the function pthread_create exists in the pthreads failed with the following output:
Change Dir: /home/venu/catkin_ws/build/CMakeFiles/CMakeTmp

Run Build Command(s):/usr/bin/make -f Makefile cmTC_0baf6/fast && /usr/bin/make  -f CMakeFiles/cmTC_0baf6.dir/build.make CMakeFiles/cmTC_0baf6.dir/build
make[1]: Entering directory '/home/venu/catkin_ws/build/CMakeFiles/CMakeTmp'
Building C object CMakeFiles/cmTC_0baf6.dir/CheckFunctionExists.c.o
/usr/bin/cc   -DCHECK_FUNCTION_EXISTS=pthread_create -o CMakeFiles/cmTC_0baf6.dir/CheckFunctionExists.c.o -c /usr/local/share/cmake-3.22/Modules/CheckFunctionExists.c
Linking C executable cmTC_0baf6
/usr/local/bin/cmake -E cmake_link_script CMakeFiles/cmTC_0baf6.dir/link.txt --verbose=1
/usr/bin/cc  -DCHECK_FUNCTION_EXISTS=pthread_create -rdynamic CMakeFiles/cmTC_0baf6.dir/CheckFunctionExists.c.o -o cmTC_0baf6  -lpthreads 
/usr/bin/ld: cannot find -lpthreads
collect2: error: ld returned 1 exit status
make[1]: *** [CMakeFiles/cmTC_0baf6.dir/build.make:99: cmTC_0baf6] Error 1
make[1]: Leaving directory '/home/venu/catkin_ws/build/CMakeFiles/CMakeTmp'
make: *** [Makefile:127: cmTC_0baf6/fast] Error 2



